<?xml version="1.0" encoding="UTF-8"?>
<testng-results skipped="7" failed="0" total="7" passed="0">
  <reporter-output>
  </reporter-output>
  <suite name="Default suite" duration-ms="20667" started-at="2017-01-18T00:19:33Z" finished-at="2017-01-18T00:19:54Z">
    <groups>
    </groups>
    <test name="Default test" duration-ms="20667" started-at="2017-01-18T00:19:33Z" finished-at="2017-01-18T00:19:54Z">
      <class name="project.test.SignUpTest">
        <test-method status="FAIL" signature="setUp()[pri:0, instance:project.test.SignUpTest@6adede5]" name="setUp" is-config="true" duration-ms="0" started-at="2017-01-17T18:19:33Z" finished-at="2017-01-17T18:19:33Z">
          <exception class="org.openqa.selenium.WebDriverException">
            <message>
              <![CDATA[unknown error: cannot get automation extension
from chrome not reachable
  (Session info: chrome=55.0.2883.87)
  (Driver info: chromedriver=2.25.426923 (0390b88869384d6eb0d5d09729679f934aab9eed),platform=Windows NT 10.0.14393 x86_64) (WARNING: The server did not provide any stacktrace information)
Command duration or timeout: 338 milliseconds
Build info: version: 'unknown', revision: '1969d75', time: '2016-10-18 09:43:45 -0700'
System info: host: 'RebkNV', ip: '192.168.200.110', os.name: 'Windows 10', os.arch: 'amd64', os.version: '10.0', java.version: '1.8.0_101'
Driver info: org.openqa.selenium.chrome.ChromeDriver
Capabilities [{applicationCacheEnabled=false, rotatable=false, mobileEmulationEnabled=false, networkConnectionEnabled=false, chrome={chromedriverVersion=2.25.426923 (0390b88869384d6eb0d5d09729679f934aab9eed), userDataDir=C:\Users\Rebecca\AppData\Local\Temp\scoped_dir6000_9}, takesHeapSnapshot=true, pageLoadStrategy=normal, databaseEnabled=false, handlesAlerts=true, hasTouchScreen=false, version=55.0.2883.87, platform=XP, browserConnectionEnabled=false, nativeEvents=true, acceptSslCerts=true, locationContextEnabled=true, webStorageEnabled=true, browserName=chrome, takesScreenshot=true, javascriptEnabled=true, cssSelectorsEnabled=true}]
Session ID: 9cc66bad7f12d1ce21d2028295fa25de]]>
            </message>
            <full-stacktrace>
              <![CDATA[org.openqa.selenium.WebDriverException: unknown error: cannot get automation extension
from chrome not reachable
  (Session info: chrome=55.0.2883.87)
  (Driver info: chromedriver=2.25.426923 (0390b88869384d6eb0d5d09729679f934aab9eed),platform=Windows NT 10.0.14393 x86_64) (WARNING: The server did not provide any stacktrace information)
Command duration or timeout: 338 milliseconds
Build info: version: 'unknown', revision: '1969d75', time: '2016-10-18 09:43:45 -0700'
System info: host: 'RebkNV', ip: '192.168.200.110', os.name: 'Windows 10', os.arch: 'amd64', os.version: '10.0', java.version: '1.8.0_101'
Driver info: org.openqa.selenium.chrome.ChromeDriver
Capabilities [{applicationCacheEnabled=false, rotatable=false, mobileEmulationEnabled=false, networkConnectionEnabled=false, chrome={chromedriverVersion=2.25.426923 (0390b88869384d6eb0d5d09729679f934aab9eed), userDataDir=C:\Users\Rebecca\AppData\Local\Temp\scoped_dir6000_9}, takesHeapSnapshot=true, pageLoadStrategy=normal, databaseEnabled=false, handlesAlerts=true, hasTouchScreen=false, version=55.0.2883.87, platform=XP, browserConnectionEnabled=false, nativeEvents=true, acceptSslCerts=true, locationContextEnabled=true, webStorageEnabled=true, browserName=chrome, takesScreenshot=true, javascriptEnabled=true, cssSelectorsEnabled=true}]
Session ID: 9cc66bad7f12d1ce21d2028295fa25de
	at sun.reflect.NativeConstructorAccessorImpl.newInstance0(Native Method)
	at sun.reflect.NativeConstructorAccessorImpl.newInstance(Unknown Source)
	at sun.reflect.DelegatingConstructorAccessorImpl.newInstance(Unknown Source)
	at java.lang.reflect.Constructor.newInstance(Unknown Source)
	at org.openqa.selenium.remote.ErrorHandler.createThrowable(ErrorHandler.java:216)
	at org.openqa.selenium.remote.ErrorHandler.throwIfResponseFailed(ErrorHandler.java:168)
	at org.openqa.selenium.remote.RemoteWebDriver.execute(RemoteWebDriver.java:635)
	at org.openqa.selenium.remote.RemoteWebDriver.execute(RemoteWebDriver.java:658)
	at org.openqa.selenium.remote.RemoteWebDriver$RemoteWebDriverOptions$RemoteWindow.maximize(RemoteWebDriver.java:882)
	at project.test.SignUpTest.setUp(SignUpTest.java:46)
	at sun.reflect.NativeMethodAccessorImpl.invoke0(Native Method)
	at sun.reflect.NativeMethodAccessorImpl.invoke(Unknown Source)
	at sun.reflect.DelegatingMethodAccessorImpl.invoke(Unknown Source)
	at java.lang.reflect.Method.invoke(Unknown Source)
	at org.testng.internal.MethodInvocationHelper.invokeMethod(MethodInvocationHelper.java:100)
	at org.testng.internal.Invoker.invokeConfigurationMethod(Invoker.java:515)
	at org.testng.internal.Invoker.invokeConfigurations(Invoker.java:216)
	at org.testng.internal.Invoker.invokeMethod(Invoker.java:590)
	at org.testng.internal.Invoker.invokeTestMethod(Invoker.java:811)
	at org.testng.internal.Invoker.invokeTestMethods(Invoker.java:1137)
	at org.testng.internal.TestMethodWorker.invokeTestMethods(TestMethodWorker.java:129)
	at org.testng.internal.TestMethodWorker.run(TestMethodWorker.java:112)
	at org.testng.TestRunner.privateRun(TestRunner.java:753)
	at org.testng.TestRunner.run(TestRunner.java:607)
	at org.testng.SuiteRunner.runTest(SuiteRunner.java:368)
	at org.testng.SuiteRunner.runSequentially(SuiteRunner.java:363)
	at org.testng.SuiteRunner.privateRun(SuiteRunner.java:321)
	at org.testng.SuiteRunner.run(SuiteRunner.java:270)
	at org.testng.SuiteRunnerWorker.runSuite(SuiteRunnerWorker.java:52)
	at org.testng.SuiteRunnerWorker.run(SuiteRunnerWorker.java:86)
	at org.testng.TestNG.runSuitesSequentially(TestNG.java:1284)
	at org.testng.TestNG.runSuitesLocally(TestNG.java:1209)
	at org.testng.TestNG.runSuites(TestNG.java:1124)
	at org.testng.TestNG.run(TestNG.java:1096)
	at org.testng.remote.AbstractRemoteTestNG.run(AbstractRemoteTestNG.java:132)
	at org.testng.remote.RemoteTestNG.initAndRun(RemoteTestNG.java:236)
	at org.testng.remote.RemoteTestNG.main(RemoteTestNG.java:81)
]]>
            </full-stacktrace>
          </exception> <!-- org.openqa.selenium.WebDriverException -->
          <reporter-output>
          </reporter-output>
        </test-method> <!-- setUp -->
        <test-method status="SKIP" signature="LoginCorrectlyMethod()[pri:0, instance:project.test.SignUpTest@6adede5]" name="LoginCorrectlyMethod" duration-ms="2" started-at="2017-01-17T18:19:54Z" finished-at="2017-01-17T18:19:54Z">
          <reporter-output>
          </reporter-output>
        </test-method> <!-- LoginCorrectlyMethod -->
        <test-method status="SKIP" signature="closeAll()[pri:0, instance:project.test.SignUpTest@6adede5]" name="closeAll" is-config="true" duration-ms="0" started-at="2017-01-17T18:19:54Z" finished-at="2017-01-17T18:19:54Z">
          <reporter-output>
          </reporter-output>
        </test-method> <!-- closeAll -->
        <test-method status="SKIP" signature="setUp()[pri:0, instance:project.test.SignUpTest@6adede5]" name="setUp" is-config="true" duration-ms="0" started-at="2017-01-17T18:19:54Z" finished-at="2017-01-17T18:19:54Z">
          <reporter-output>
          </reporter-output>
        </test-method> <!-- setUp -->
        <test-method status="SKIP" signature="signUpCorrectlyMethod()[pri:0, instance:project.test.SignUpTest@6adede5]" name="signUpCorrectlyMethod" duration-ms="2" started-at="2017-01-17T18:19:54Z" finished-at="2017-01-17T18:19:54Z">
          <reporter-output>
          </reporter-output>
        </test-method> <!-- signUpCorrectlyMethod -->
        <test-method status="SKIP" signature="closeAll()[pri:0, instance:project.test.SignUpTest@6adede5]" name="closeAll" is-config="true" duration-ms="0" started-at="2017-01-17T18:19:54Z" finished-at="2017-01-17T18:19:54Z">
          <reporter-output>
          </reporter-output>
        </test-method> <!-- closeAll -->
        <test-method status="SKIP" signature="setUp()[pri:0, instance:project.test.SignUpTest@6adede5]" name="setUp" is-config="true" duration-ms="0" started-at="2017-01-17T18:19:54Z" finished-at="2017-01-17T18:19:54Z">
          <reporter-output>
          </reporter-output>
        </test-method> <!-- setUp -->
        <test-method status="SKIP" signature="signUpErrorMessagesMethod(java.lang.String, java.lang.String, java.lang.String, java.lang.String, java.lang.String, java.lang.String, java.lang.String)[pri:0, instance:project.test.SignUpTest@6adede5]" name="signUpErrorMessagesMethod" duration-ms="2" started-at="2017-01-17T18:19:54Z" data-provider="signUpMethodDataProvider" finished-at="2017-01-17T18:19:54Z">
          <params>
            <param index="0">
              <value>
                <![CDATA[]]>
              </value>
            </param>
            <param index="1">
              <value>
                <![CDATA[Najera]]>
              </value>
            </param>
            <param index="2">
              <value>
                <![CDATA[123456]]>
              </value>
            </param>
            <param index="3">
              <value>
                <![CDATA[rbknajera@gmail.com]]>
              </value>
            </param>
            <param index="4">
              <value>
                <![CDATA[rebe123456]]>
              </value>
            </param>
            <param index="5">
              <value>
                <![CDATA[rebe123456]]>
              </value>
            </param>
            <param index="6">
              <value>
                <![CDATA[The First name field is required.]]>
              </value>
            </param>
          </params>
          <reporter-output>
          </reporter-output>
        </test-method> <!-- signUpErrorMessagesMethod -->
        <test-method status="SKIP" signature="closeAll()[pri:0, instance:project.test.SignUpTest@6adede5]" name="closeAll" is-config="true" duration-ms="0" started-at="2017-01-17T18:19:54Z" finished-at="2017-01-17T18:19:54Z">
          <reporter-output>
          </reporter-output>
        </test-method> <!-- closeAll -->
        <test-method status="SKIP" signature="setUp()[pri:0, instance:project.test.SignUpTest@6adede5]" name="setUp" is-config="true" duration-ms="0" started-at="2017-01-17T18:19:54Z" finished-at="2017-01-17T18:19:54Z">
          <reporter-output>
          </reporter-output>
        </test-method> <!-- setUp -->
        <test-method status="SKIP" signature="signUpErrorMessagesMethod(java.lang.String, java.lang.String, java.lang.String, java.lang.String, java.lang.String, java.lang.String, java.lang.String)[pri:0, instance:project.test.SignUpTest@6adede5]" name="signUpErrorMessagesMethod" duration-ms="1" started-at="2017-01-17T18:19:54Z" data-provider="signUpMethodDataProvider" finished-at="2017-01-17T18:19:54Z">
          <params>
            <param index="0">
              <value>
                <![CDATA[Rebecca]]>
              </value>
            </param>
            <param index="1">
              <value>
                <![CDATA[]]>
              </value>
            </param>
            <param index="2">
              <value>
                <![CDATA[123456]]>
              </value>
            </param>
            <param index="3">
              <value>
                <![CDATA[rbknajera@gmail.com]]>
              </value>
            </param>
            <param index="4">
              <value>
                <![CDATA[rebe123456]]>
              </value>
            </param>
            <param index="5">
              <value>
                <![CDATA[rebe123456]]>
              </value>
            </param>
            <param index="6">
              <value>
                <![CDATA[The Last Name field is required.]]>
              </value>
            </param>
          </params>
          <reporter-output>
          </reporter-output>
        </test-method> <!-- signUpErrorMessagesMethod -->
        <test-method status="SKIP" signature="closeAll()[pri:0, instance:project.test.SignUpTest@6adede5]" name="closeAll" is-config="true" duration-ms="0" started-at="2017-01-17T18:19:54Z" finished-at="2017-01-17T18:19:54Z">
          <reporter-output>
          </reporter-output>
        </test-method> <!-- closeAll -->
        <test-method status="SKIP" signature="setUp()[pri:0, instance:project.test.SignUpTest@6adede5]" name="setUp" is-config="true" duration-ms="0" started-at="2017-01-17T18:19:54Z" finished-at="2017-01-17T18:19:54Z">
          <reporter-output>
          </reporter-output>
        </test-method> <!-- setUp -->
        <test-method status="SKIP" signature="signUpErrorMessagesMethod(java.lang.String, java.lang.String, java.lang.String, java.lang.String, java.lang.String, java.lang.String, java.lang.String)[pri:0, instance:project.test.SignUpTest@6adede5]" name="signUpErrorMessagesMethod" duration-ms="2" started-at="2017-01-17T18:19:54Z" data-provider="signUpMethodDataProvider" finished-at="2017-01-17T18:19:54Z">
          <params>
            <param index="0">
              <value>
                <![CDATA[Rebecca]]>
              </value>
            </param>
            <param index="1">
              <value>
                <![CDATA[Najera]]>
              </value>
            </param>
            <param index="2">
              <value>
                <![CDATA[123456]]>
              </value>
            </param>
            <param index="3">
              <value>
                <![CDATA[]]>
              </value>
            </param>
            <param index="4">
              <value>
                <![CDATA[rebe123456]]>
              </value>
            </param>
            <param index="5">
              <value>
                <![CDATA[rebe123456]]>
              </value>
            </param>
            <param index="6">
              <value>
                <![CDATA[The Email field is required.]]>
              </value>
            </param>
          </params>
          <reporter-output>
          </reporter-output>
        </test-method> <!-- signUpErrorMessagesMethod -->
        <test-method status="SKIP" signature="closeAll()[pri:0, instance:project.test.SignUpTest@6adede5]" name="closeAll" is-config="true" duration-ms="0" started-at="2017-01-17T18:19:54Z" finished-at="2017-01-17T18:19:54Z">
          <reporter-output>
          </reporter-output>
        </test-method> <!-- closeAll -->
        <test-method status="SKIP" signature="setUp()[pri:0, instance:project.test.SignUpTest@6adede5]" name="setUp" is-config="true" duration-ms="0" started-at="2017-01-17T18:19:54Z" finished-at="2017-01-17T18:19:54Z">
          <reporter-output>
          </reporter-output>
        </test-method> <!-- setUp -->
        <test-method status="SKIP" signature="signUpErrorMessagesMethod(java.lang.String, java.lang.String, java.lang.String, java.lang.String, java.lang.String, java.lang.String, java.lang.String)[pri:0, instance:project.test.SignUpTest@6adede5]" name="signUpErrorMessagesMethod" duration-ms="2" started-at="2017-01-17T18:19:54Z" data-provider="signUpMethodDataProvider" finished-at="2017-01-17T18:19:54Z">
          <params>
            <param index="0">
              <value>
                <![CDATA[Rebecca]]>
              </value>
            </param>
            <param index="1">
              <value>
                <![CDATA[Najera]]>
              </value>
            </param>
            <param index="2">
              <value>
                <![CDATA[123456]]>
              </value>
            </param>
            <param index="3">
              <value>
                <![CDATA[rbknajera@gmail.com]]>
              </value>
            </param>
            <param index="4">
              <value>
                <![CDATA[]]>
              </value>
            </param>
            <param index="5">
              <value>
                <![CDATA[]]>
              </value>
            </param>
            <param index="6">
              <value>
                <![CDATA[The Password field is required.]]>
              </value>
            </param>
          </params>
          <reporter-output>
          </reporter-output>
        </test-method> <!-- signUpErrorMessagesMethod -->
        <test-method status="SKIP" signature="closeAll()[pri:0, instance:project.test.SignUpTest@6adede5]" name="closeAll" is-config="true" duration-ms="0" started-at="2017-01-17T18:19:54Z" finished-at="2017-01-17T18:19:54Z">
          <reporter-output>
          </reporter-output>
        </test-method> <!-- closeAll -->
        <test-method status="SKIP" signature="setUp()[pri:0, instance:project.test.SignUpTest@6adede5]" name="setUp" is-config="true" duration-ms="0" started-at="2017-01-17T18:19:54Z" finished-at="2017-01-17T18:19:54Z">
          <reporter-output>
          </reporter-output>
        </test-method> <!-- setUp -->
        <test-method status="SKIP" signature="signUpErrorMessagesMethod(java.lang.String, java.lang.String, java.lang.String, java.lang.String, java.lang.String, java.lang.String, java.lang.String)[pri:0, instance:project.test.SignUpTest@6adede5]" name="signUpErrorMessagesMethod" duration-ms="2" started-at="2017-01-17T18:19:54Z" data-provider="signUpMethodDataProvider" finished-at="2017-01-17T18:19:54Z">
          <params>
            <param index="0">
              <value>
                <![CDATA[Rebecca]]>
              </value>
            </param>
            <param index="1">
              <value>
                <![CDATA[Najera]]>
              </value>
            </param>
            <param index="2">
              <value>
                <![CDATA[123456]]>
              </value>
            </param>
            <param index="3">
              <value>
                <![CDATA[rbknajera@gmail.com]]>
              </value>
            </param>
            <param index="4">
              <value>
                <![CDATA[rebe123456]]>
              </value>
            </param>
            <param index="5">
              <value>
                <![CDATA[rebe456789]]>
              </value>
            </param>
            <param index="6">
              <value>
                <![CDATA[Password not matching with confirm password.]]>
              </value>
            </param>
          </params>
          <reporter-output>
          </reporter-output>
        </test-method> <!-- signUpErrorMessagesMethod -->
        <test-method status="SKIP" signature="closeAll()[pri:0, instance:project.test.SignUpTest@6adede5]" name="closeAll" is-config="true" duration-ms="0" started-at="2017-01-17T18:19:54Z" finished-at="2017-01-17T18:19:54Z">
          <reporter-output>
          </reporter-output>
        </test-method> <!-- closeAll -->
      </class> <!-- project.test.SignUpTest -->
    </test> <!-- Default test -->
  </suite> <!-- Default suite -->
</testng-results>
